<?xml version="1.0" encoding="UTF-8"?>
<!-- Generated by org.testng.reporters.JUnitReportReporter -->
<testsuite hostname="5CD12777LW" failures="0" tests="2" name="utilTest.functionTest" time="0.004" errors="0" timestamp="2024-01-10T14:46:47 IST" skipped="0">
  <testcase classname="utilTest.functionTest" name="functionAdvaceTest" time="0.004"/>
  <testcase classname="utilTest.functionTest" name="functionTest" time="0.000"/>
</testsuite> <!-- utilTest.functionTest -->
